2019-10-21 20:55:41 INFO  Car - Speed:   0.0; Angle:   EAST; Position:   2,3; Parcels:      0; Health: 200.0; Health Usage: 200.0; Fuel: 1000.0; Tile: START
2019-10-21 20:55:42 INFO  Car - Speed:   0.0; Angle:   EAST; Position:   2,3; Parcels:      0; Health: 200.0; Health Usage: 200.0; Fuel: 1000.0; Tile: START
2019-10-21 20:55:42 INFO  Car - Speed:   0.0; Angle:   EAST; Position:   2,3; Parcels:      0; Health: 200.0; Health Usage: 200.0; Fuel: 1000.0; Tile: START
2019-10-21 20:55:43 INFO  Car - Speed:   0.0; Angle:   EAST; Position:   2,3; Parcels:      0; Health: 200.0; Health Usage: 200.0; Fuel: 1000.0; Tile: START
2019-10-21 20:55:43 INFO  Car - Speed:   0.0; Angle:   EAST; Position:   2,3; Parcels:      0; Health: 200.0; Health Usage: 200.0; Fuel: 1000.0; Tile: START
2019-10-21 20:55:44 INFO  Car - Speed:   0.0; Angle:   EAST; Position:   2,3; Parcels:      0; Health: 200.0; Health Usage: 200.0; Fuel: 1000.0; Tile: START
2019-10-21 20:55:44 INFO  Car - Speed:   0.0; Angle:   EAST; Position:   2,3; Parcels:      0; Health: 200.0; Health Usage: 200.0; Fuel: 1000.0; Tile: START
2019-10-21 20:55:45 INFO  Car - Speed:   0.0; Angle:   EAST; Position:   2,3; Parcels:      0; Health: 200.0; Health Usage: 200.0; Fuel: 1000.0; Tile: START
2019-10-21 20:55:45 INFO  Car - Speed:   0.0; Angle:   EAST; Position:   2,3; Parcels:      0; Health: 200.0; Health Usage: 200.0; Fuel: 1000.0; Tile: START
2019-10-21 20:55:46 INFO  Car - Speed:   0.0; Angle:   EAST; Position:   2,3; Parcels:      0; Health: 200.0; Health Usage: 200.0; Fuel: 1000.0; Tile: START
2019-10-21 20:55:46 INFO  Car - Speed:   0.0; Angle:   EAST; Position:   2,3; Parcels:      0; Health: 200.0; Health Usage: 200.0; Fuel: 1000.0; Tile: START
2019-10-21 20:55:47 INFO  Car - Speed:   0.0; Angle:   EAST; Position:   2,3; Parcels:      0; Health: 200.0; Health Usage: 200.0; Fuel: 1000.0; Tile: START
2019-10-21 20:55:47 INFO  Car - Speed:   0.0; Angle:   EAST; Position:   2,3; Parcels:      0; Health: 200.0; Health Usage: 200.0; Fuel: 1000.0; Tile: START
2019-10-21 20:55:48 INFO  Car - Speed:   0.0; Angle:   EAST; Position:   2,3; Parcels:      0; Health: 200.0; Health Usage: 200.0; Fuel: 1000.0; Tile: START
2019-10-21 20:55:48 INFO  Car - Speed:   0.0; Angle:   EAST; Position:   2,3; Parcels:      0; Health: 200.0; Health Usage: 200.0; Fuel: 1000.0; Tile: START
2019-10-21 20:55:49 INFO  Car - Speed:   0.0; Angle:   EAST; Position:   2,3; Parcels:      0; Health: 200.0; Health Usage: 200.0; Fuel: 1000.0; Tile: START
2019-10-21 20:55:49 INFO  Car - Speed:   1.0; Angle:   EAST; Position:   3,3; Parcels:      0; Health: 200.0; Health Usage: 200.0; Fuel: 999.0; Tile: ROAD
2019-10-21 20:55:50 INFO  Car - Speed:   1.0; Angle:   EAST; Position:   4,3; Parcels:      0; Health: 200.0; Health Usage: 200.0; Fuel: 998.0; Tile: ROAD
2019-10-21 20:55:50 INFO  Car - Speed:   1.0; Angle:   EAST; Position:   5,3; Parcels:      0; Health: 200.0; Health Usage: 200.0; Fuel: 997.0; Tile: ROAD
2019-10-21 20:55:51 INFO  Car - Speed:   1.0; Angle:  NORTH; Position:   5,4; Parcels:      0; Health: 200.0; Health Usage: 200.0; Fuel: 996.0; Tile: ROAD
2019-10-21 20:55:51 INFO  Car - Speed:   1.0; Angle:  NORTH; Position:   5,5; Parcels:      0; Health: 200.0; Health Usage: 200.0; Fuel: 995.0; Tile: ROAD
2019-10-21 20:55:52 INFO  Car - Speed:   1.0; Angle:  NORTH; Position:   5,6; Parcels:      0; Health: 200.0; Health Usage: 200.0; Fuel: 994.0; Tile: ROAD
2019-10-21 20:55:52 INFO  Car - Speed:   1.0; Angle:  NORTH; Position:   5,7; Parcels:      0; Health: 200.0; Health Usage: 200.0; Fuel: 993.0; Tile: ROAD
2019-10-21 20:55:53 INFO  Car - Speed:   1.0; Angle:   WEST; Position:   4,7; Parcels:      0; Health: 200.0; Health Usage: 200.0; Fuel: 992.0; Tile: ROAD
2019-10-21 20:55:53 INFO  Car - Speed:   1.0; Angle:   WEST; Position:   3,7; Parcels:      0; Health: 200.0; Health Usage: 200.0; Fuel: 991.0; Tile: ROAD
2019-10-21 20:55:54 INFO  Car - Speed:   1.0; Angle:   WEST; Position:   2,7; Parcels:      0; Health: 200.0; Health Usage: 200.0; Fuel: 990.0; Tile: ROAD
2019-10-21 20:55:54 INFO  Car - Speed:   1.0; Angle:   WEST; Position:   1,7; Parcels:      0; Health: 200.0; Health Usage: 200.0; Fuel: 989.0; Tile: ROAD
2019-10-21 20:55:55 INFO  Car - Speed:   1.0; Angle:  NORTH; Position:   1,8; Parcels:      0; Health: 200.0; Health Usage: 200.0; Fuel: 988.0; Tile: ROAD
2019-10-21 20:55:55 INFO  Car - Speed:   1.0; Angle:  NORTH; Position:   1,9; Parcels:      0; Health: 200.0; Health Usage: 200.0; Fuel: 987.0; Tile: ROAD
2019-10-21 20:55:56 INFO  Car - Speed:   1.0; Angle:  NORTH; Position:  1,10; Parcels:      0; Health: 200.0; Health Usage: 200.0; Fuel: 986.0; Tile: ROAD
2019-10-21 20:55:56 INFO  Car - Speed:   1.0; Angle:  NORTH; Position:  1,11; Parcels:      0; Health: 200.0; Health Usage: 200.0; Fuel: 985.0; Tile: ROAD
2019-10-21 20:55:57 INFO  Car - Speed:   1.0; Angle:  NORTH; Position:  1,12; Parcels:      0; Health: 200.0; Health Usage: 200.0; Fuel: 984.0; Tile: ROAD
2019-10-21 20:55:57 INFO  Car - Speed:   1.0; Angle:  NORTH; Position:  1,13; Parcels:      0; Health: 200.0; Health Usage: 200.0; Fuel: 983.0; Tile: ROAD
2019-10-21 20:55:58 INFO  Car - Speed:   1.0; Angle:  NORTH; Position:  1,14; Parcels:      0; Health: 200.0; Health Usage: 200.0; Fuel: 982.0; Tile: ROAD
2019-10-21 20:55:58 INFO  Car - Speed:   1.0; Angle:  NORTH; Position:  1,15; Parcels:      0; Health: 200.0; Health Usage: 200.0; Fuel: 981.0; Tile: ROAD
2019-10-21 20:55:59 INFO  Car - Speed:   1.0; Angle:  NORTH; Position:  1,16; Parcels:      0; Health: 200.0; Health Usage: 200.0; Fuel: 980.0; Tile: ROAD
2019-10-21 20:55:59 INFO  Car - Speed:   1.0; Angle:  NORTH; Position:  1,17; Parcels:      1; Health: 200.0; Health Usage: 200.0; Fuel: 979.0; Tile: ROAD
2019-10-21 20:56:00 INFO  Car - Speed:   1.0; Angle:  NORTH; Position:  1,18; Parcels:      1; Health: 200.0; Health Usage: 200.0; Fuel: 978.0; Tile: ROAD
2019-10-21 20:56:00 INFO  Car - Speed:   1.0; Angle:   EAST; Position:  2,18; Parcels:      1; Health: 200.0; Health Usage: 200.0; Fuel: 977.0; Tile: ROAD
2019-10-21 20:56:01 INFO  Car - Speed:   0.0; Angle:   EAST; Position:  2,18; Parcels:      1; Health: 195.0; Health Usage: 200.0; Fuel: 976.0; Tile: ROAD
2019-10-21 20:56:01 INFO  Car - Speed:   1.0; Angle:   EAST; Position:  1,18; Parcels:      1; Health: 195.0; Health Usage: 200.0; Fuel: 975.0; Tile: ROAD
2019-10-21 20:56:02 INFO  Car - Speed:   0.0; Angle:   EAST; Position:  1,18; Parcels:      1; Health: 190.0; Health Usage: 200.0; Fuel: 974.0; Tile: ROAD
2019-10-21 20:56:02 INFO  Car - Speed:   0.0; Angle:   EAST; Position:  1,18; Parcels:      1; Health: 190.0; Health Usage: 200.0; Fuel: 974.0; Tile: ROAD
2019-10-21 20:56:03 INFO  Car - Speed:   1.0; Angle:   EAST; Position:  2,18; Parcels:      1; Health: 190.0; Health Usage: 200.0; Fuel: 973.0; Tile: ROAD
2019-10-21 20:56:03 INFO  Car - Speed:   1.0; Angle:  SOUTH; Position:  2,17; Parcels:      1; Health: 190.0; Health Usage: 200.0; Fuel: 972.0; Tile: ROAD
2019-10-21 20:56:04 INFO  Car - Speed:   1.0; Angle:  SOUTH; Position:  2,16; Parcels:      1; Health: 190.0; Health Usage: 200.0; Fuel: 971.0; Tile: ROAD
2019-10-21 20:56:04 INFO  Car - Speed:   1.0; Angle:  SOUTH; Position:  2,15; Parcels:      1; Health: 190.0; Health Usage: 200.0; Fuel: 970.0; Tile: ROAD
2019-10-21 20:56:05 INFO  Car - Speed:   1.0; Angle:  SOUTH; Position:  2,14; Parcels:      1; Health: 190.0; Health Usage: 200.0; Fuel: 969.0; Tile: ROAD
2019-10-21 20:56:05 INFO  Car - Speed:   1.0; Angle:  SOUTH; Position:  2,13; Parcels:      1; Health: 190.0; Health Usage: 200.0; Fuel: 968.0; Tile: ROAD
2019-10-21 20:56:06 INFO  Car - Speed:   1.0; Angle:  SOUTH; Position:  2,12; Parcels:      1; Health: 190.0; Health Usage: 200.0; Fuel: 967.0; Tile: ROAD
2019-10-21 20:56:06 INFO  Car - Speed:   1.0; Angle:   EAST; Position:  3,12; Parcels:      1; Health: 190.0; Health Usage: 200.0; Fuel: 966.0; Tile: ROAD
2019-10-21 20:56:07 INFO  Car - Speed:   1.0; Angle:   EAST; Position:  4,12; Parcels:      1; Health: 190.0; Health Usage: 200.0; Fuel: 965.0; Tile: ROAD
2019-10-21 20:56:07 INFO  Car - Speed:   1.0; Angle:  NORTH; Position:  4,13; Parcels:      1; Health: 190.0; Health Usage: 200.0; Fuel: 964.0; Tile: ROAD
2019-10-21 20:56:08 INFO  Car - Speed:   1.0; Angle:  NORTH; Position:  4,14; Parcels:      1; Health: 190.0; Health Usage: 200.0; Fuel: 963.0; Tile: ROAD
2019-10-21 20:56:08 INFO  Car - Speed:   1.0; Angle:  NORTH; Position:  4,15; Parcels:      1; Health: 190.0; Health Usage: 200.0; Fuel: 962.0; Tile: ROAD
2019-10-21 20:56:09 INFO  Car - Speed:   1.0; Angle:  NORTH; Position:  4,16; Parcels:      1; Health: 190.0; Health Usage: 200.0; Fuel: 961.0; Tile: ROAD
2019-10-21 20:56:09 INFO  Car - Speed:   1.0; Angle:  NORTH; Position:  4,17; Parcels:      1; Health: 190.0; Health Usage: 200.0; Fuel: 960.0; Tile: ROAD
2019-10-21 20:56:10 INFO  Car - Speed:   1.0; Angle:   EAST; Position:  5,17; Parcels:      1; Health: 190.0; Health Usage: 200.0; Fuel: 959.0; Tile: ROAD
2019-10-21 20:56:10 INFO  Car - Speed:   1.0; Angle:   EAST; Position:  6,17; Parcels:      1; Health: 190.0; Health Usage: 200.0; Fuel: 958.0; Tile: ROAD
2019-10-21 20:56:11 INFO  Car - Speed:   1.0; Angle:   EAST; Position:  7,17; Parcels:      1; Health: 190.0; Health Usage: 200.0; Fuel: 957.0; Tile: ROAD
2019-10-21 20:56:11 INFO  Car - Speed:   1.0; Angle:   EAST; Position:  8,17; Parcels:      1; Health: 190.0; Health Usage: 200.0; Fuel: 956.0; Tile: ROAD
2019-10-21 20:56:12 INFO  Car - Speed:   1.0; Angle:   EAST; Position:  9,17; Parcels:      1; Health: 190.0; Health Usage: 200.0; Fuel: 955.0; Tile: ROAD
2019-10-21 20:56:12 INFO  Car - Speed:   1.0; Angle:   EAST; Position: 10,17; Parcels:      1; Health: 190.0; Health Usage: 200.0; Fuel: 954.0; Tile: ROAD
2019-10-21 20:56:13 INFO  Car - Speed:   1.0; Angle:   EAST; Position: 11,17; Parcels:      1; Health: 190.0; Health Usage: 200.0; Fuel: 953.0; Tile: ROAD
2019-10-21 20:56:13 INFO  Car - Speed:   1.0; Angle:   EAST; Position: 12,17; Parcels:      1; Health: 190.0; Health Usage: 200.0; Fuel: 952.0; Tile: ROAD
2019-10-21 20:56:14 INFO  Car - Speed:   0.0; Angle:  SOUTH; Position: 12,17; Parcels:      1; Health: 185.0; Health Usage: 200.0; Fuel: 951.0; Tile: ROAD
2019-10-21 20:56:14 INFO  Car - Speed:   0.0; Angle:  SOUTH; Position: 12,17; Parcels:      1; Health: 185.0; Health Usage: 200.0; Fuel: 951.0; Tile: ROAD
2019-10-21 20:56:15 INFO  Car - Speed:   0.0; Angle:  SOUTH; Position: 12,17; Parcels:      1; Health: 185.0; Health Usage: 200.0; Fuel: 951.0; Tile: ROAD
2019-10-21 20:56:15 INFO  Car - Speed:   0.0; Angle:  SOUTH; Position: 12,17; Parcels:      1; Health: 185.0; Health Usage: 200.0; Fuel: 951.0; Tile: ROAD
2019-10-21 20:56:16 INFO  Car - Speed:   0.0; Angle:  SOUTH; Position: 12,17; Parcels:      1; Health: 185.0; Health Usage: 200.0; Fuel: 951.0; Tile: ROAD
2019-10-21 20:56:16 INFO  Car - Speed:   0.0; Angle:  SOUTH; Position: 12,17; Parcels:      1; Health: 185.0; Health Usage: 200.0; Fuel: 951.0; Tile: ROAD
2019-10-21 20:56:17 INFO  Car - Speed:   1.0; Angle:  SOUTH; Position: 12,18; Parcels:      1; Health: 185.0; Health Usage: 200.0; Fuel: 950.0; Tile: ROAD
2019-10-21 20:56:17 INFO  Car - Speed:   1.0; Angle:   WEST; Position: 13,18; Parcels:      1; Health: 185.0; Health Usage: 200.0; Fuel: 949.0; Tile: ROAD
2019-10-21 20:56:18 INFO  Car - Speed:   1.0; Angle:   WEST; Position: 14,18; Parcels:      1; Health: 185.0; Health Usage: 200.0; Fuel: 948.0; Tile: ROAD
2019-10-21 20:56:18 INFO  Car - Speed:   1.0; Angle:   WEST; Position: 15,18; Parcels:      1; Health: 185.0; Health Usage: 200.0; Fuel: 947.0; Tile: ROAD
2019-10-21 20:56:19 INFO  Car - Speed:   1.0; Angle:   WEST; Position: 16,18; Parcels:      1; Health: 185.0; Health Usage: 200.0; Fuel: 946.0; Tile: ROAD
2019-10-21 20:56:19 INFO  Car - Speed:   0.0; Angle:  SOUTH; Position: 16,18; Parcels:      1; Health: 180.0; Health Usage: 200.0; Fuel: 945.0; Tile: ROAD
2019-10-21 20:56:20 INFO  Car - Speed:   0.0; Angle:  SOUTH; Position: 16,18; Parcels:      1; Health: 180.0; Health Usage: 200.0; Fuel: 945.0; Tile: ROAD
2019-10-21 20:56:20 INFO  Car - Speed:   0.0; Angle:  SOUTH; Position: 16,18; Parcels:      1; Health: 180.0; Health Usage: 200.0; Fuel: 945.0; Tile: ROAD
2019-10-21 20:56:21 INFO  Car - Speed:   1.0; Angle:  SOUTH; Position: 16,17; Parcels:      1; Health: 180.0; Health Usage: 200.0; Fuel: 944.0; Tile: ROAD
2019-10-21 20:56:21 INFO  Car - Speed:   1.0; Angle:  SOUTH; Position: 16,16; Parcels:      1; Health: 180.0; Health Usage: 200.0; Fuel: 943.0; Tile: ROAD
2019-10-21 20:56:22 INFO  Car - Speed:   1.0; Angle:  SOUTH; Position: 16,15; Parcels:      1; Health: 180.0; Health Usage: 200.0; Fuel: 942.0; Tile: ROAD
2019-10-21 20:56:22 INFO  Car - Speed:   1.0; Angle:  SOUTH; Position: 16,14; Parcels:      1; Health: 180.0; Health Usage: 200.0; Fuel: 941.0; Tile: ROAD
2019-10-21 20:56:23 INFO  Car - Speed:   1.0; Angle:   WEST; Position: 15,14; Parcels:      1; Health: 180.0; Health Usage: 200.0; Fuel: 940.0; Tile: ROAD
2019-10-21 20:56:23 INFO  Car - Speed:   1.0; Angle:   WEST; Position: 14,14; Parcels:      1; Health: 180.0; Health Usage: 200.0; Fuel: 939.0; Tile: ROAD
2019-10-21 20:56:24 INFO  Car - Speed:   1.0; Angle:  SOUTH; Position: 14,13; Parcels:      1; Health: 180.0; Health Usage: 200.0; Fuel: 938.0; Tile: ROAD
2019-10-21 20:56:24 INFO  Car - Speed:   1.0; Angle:   WEST; Position: 13,13; Parcels:      1; Health: 180.0; Health Usage: 200.0; Fuel: 937.0; Tile: ROAD
2019-10-21 20:56:25 INFO  Car - Speed:   1.0; Angle:   WEST; Position: 12,13; Parcels:      1; Health: 180.0; Health Usage: 200.0; Fuel: 936.0; Tile: ROAD
2019-10-21 20:56:25 INFO  Car - Speed:   1.0; Angle:   WEST; Position: 11,13; Parcels:      1; Health: 180.0; Health Usage: 200.0; Fuel: 935.0; Tile: ROAD
2019-10-21 20:56:26 INFO  Car - Speed:   1.0; Angle:   WEST; Position: 10,13; Parcels:      1; Health: 180.0; Health Usage: 200.0; Fuel: 934.0; Tile: ROAD
2019-10-21 20:56:26 INFO  Car - Speed:   1.0; Angle:   WEST; Position:  9,13; Parcels:      1; Health: 180.0; Health Usage: 200.0; Fuel: 933.0; Tile: ROAD
2019-10-21 20:56:27 INFO  Car - Speed:   1.0; Angle:   WEST; Position:  8,13; Parcels:      1; Health: 180.0; Health Usage: 200.0; Fuel: 932.0; Tile: ROAD
2019-10-21 20:56:27 INFO  Car - Speed:   1.0; Angle:   WEST; Position:  7,13; Parcels:      1; Health: 180.0; Health Usage: 200.0; Fuel: 931.0; Tile: ROAD
2019-10-21 20:56:28 INFO  Car - Speed:   1.0; Angle:  NORTH; Position:  7,14; Parcels:      1; Health: 180.0; Health Usage: 200.0; Fuel: 930.0; Tile: ROAD
2019-10-21 20:56:28 INFO  Car - Speed:   1.0; Angle:  NORTH; Position:  7,15; Parcels:      1; Health: 180.0; Health Usage: 200.0; Fuel: 929.0; Tile: ROAD
2019-10-21 20:56:29 INFO  Car - Speed:   1.0; Angle:  NORTH; Position:  7,16; Parcels:      1; Health: 180.0; Health Usage: 200.0; Fuel: 928.0; Tile: ROAD
2019-10-21 20:56:29 INFO  Car - Speed:   1.0; Angle:  NORTH; Position:  7,17; Parcels:      1; Health: 180.0; Health Usage: 200.0; Fuel: 927.0; Tile: ROAD
2019-10-21 20:56:30 INFO  Car - Speed:   1.0; Angle:   EAST; Position:  8,17; Parcels:      1; Health: 180.0; Health Usage: 200.0; Fuel: 926.0; Tile: ROAD
2019-10-21 20:56:30 INFO  Car - Speed:   1.0; Angle:   EAST; Position:  9,17; Parcels:      1; Health: 180.0; Health Usage: 200.0; Fuel: 925.0; Tile: ROAD
2019-10-21 20:56:31 INFO  Car - Speed:   1.0; Angle:   EAST; Position: 10,17; Parcels:      1; Health: 180.0; Health Usage: 200.0; Fuel: 924.0; Tile: ROAD
2019-10-21 20:56:31 INFO  Car - Speed:   1.0; Angle:   EAST; Position: 11,17; Parcels:      1; Health: 180.0; Health Usage: 200.0; Fuel: 923.0; Tile: ROAD
2019-10-21 20:56:32 INFO  Car - Speed:   1.0; Angle:   EAST; Position: 12,17; Parcels:      1; Health: 180.0; Health Usage: 200.0; Fuel: 922.0; Tile: ROAD
2019-10-21 20:56:32 INFO  Car - Speed:   1.0; Angle:   EAST; Position: 13,17; Parcels:      1; Health: 180.0; Health Usage: 200.0; Fuel: 921.0; Tile: ROAD
2019-10-21 20:56:33 INFO  Car - Speed:   1.0; Angle:   EAST; Position: 14,17; Parcels:      1; Health: 180.0; Health Usage: 200.0; Fuel: 920.0; Tile: ROAD
2019-10-21 20:56:33 INFO  Car - Speed:   1.0; Angle:   EAST; Position: 15,17; Parcels:      1; Health: 180.0; Health Usage: 200.0; Fuel: 919.0; Tile: ROAD
2019-10-21 20:56:34 INFO  Car - Speed:   1.0; Angle:   EAST; Position: 16,17; Parcels:      1; Health: 180.0; Health Usage: 200.0; Fuel: 918.0; Tile: ROAD
2019-10-21 20:56:34 INFO  Car - Speed:   1.0; Angle:   EAST; Position: 17,17; Parcels:      1; Health: 180.0; Health Usage: 200.0; Fuel: 917.0; Tile: ROAD
2019-10-21 20:56:35 INFO  Car - Speed:   1.0; Angle:   EAST; Position: 18,17; Parcels:      1; Health: 180.0; Health Usage: 200.0; Fuel: 916.0; Tile: ROAD
2019-10-21 20:56:35 INFO  Car - Speed:   1.0; Angle:   EAST; Position: 19,17; Parcels:      1; Health: 180.0; Health Usage: 200.0; Fuel: 915.0; Tile: ROAD
2019-10-21 20:56:36 INFO  Car - Speed:   1.0; Angle:   EAST; Position: 20,17; Parcels:      1; Health: 180.0; Health Usage: 200.0; Fuel: 914.0; Tile: ROAD
2019-10-21 20:56:36 INFO  Car - Speed:   1.0; Angle:   EAST; Position: 21,17; Parcels:      1; Health: 180.0; Health Usage: 200.0; Fuel: 913.0; Tile: ROAD
2019-10-21 20:56:37 INFO  Car - Speed:   1.0; Angle:   EAST; Position: 22,17; Parcels:      1; Health: 180.0; Health Usage: 200.0; Fuel: 912.0; Tile: FINISH
2019-10-21 20:56:37 INFO  Car - Speed:   1.0; Angle:   EAST; Position: 23,17; Parcels:      1; Health: 180.0; Health Usage: 200.0; Fuel: 911.0; Tile: FINISH
2019-10-21 20:56:38 INFO  Car - Speed:   1.0; Angle:  SOUTH; Position: 23,16; Parcels:      1; Health: 180.0; Health Usage: 200.0; Fuel: 910.0; Tile: FINISH
2019-10-21 20:56:38 INFO  Car - Speed:   0.0; Angle:  SOUTH; Position: 23,16; Parcels:      1; Health: 175.0; Health Usage: 200.0; Fuel: 909.0; Tile: FINISH
2019-10-21 20:56:39 INFO  Car - Speed:   0.0; Angle:  SOUTH; Position: 23,16; Parcels:      1; Health: 175.0; Health Usage: 200.0; Fuel: 909.0; Tile: FINISH
2019-10-21 20:56:39 INFO  Car - Speed:   0.0; Angle:  SOUTH; Position: 23,16; Parcels:      1; Health: 175.0; Health Usage: 200.0; Fuel: 909.0; Tile: FINISH
2019-10-21 20:56:40 INFO  Car - Speed:   0.0; Angle:  SOUTH; Position: 23,16; Parcels:      1; Health: 175.0; Health Usage: 200.0; Fuel: 909.0; Tile: FINISH
2019-10-21 20:56:40 INFO  Car - Speed:   0.0; Angle:  SOUTH; Position: 23,16; Parcels:      1; Health: 170.0; Health Usage: 200.0; Fuel: 908.0; Tile: FINISH
2019-10-21 20:56:41 INFO  Car - Speed:   0.0; Angle:  SOUTH; Position: 23,16; Parcels:      1; Health: 170.0; Health Usage: 200.0; Fuel: 908.0; Tile: FINISH
2019-10-21 20:56:41 INFO  Car - Speed:   0.0; Angle:  SOUTH; Position: 23,16; Parcels:      1; Health: 170.0; Health Usage: 200.0; Fuel: 908.0; Tile: FINISH
2019-10-21 20:56:42 INFO  Car - Speed:   1.0; Angle:  SOUTH; Position: 23,17; Parcels:      1; Health: 170.0; Health Usage: 200.0; Fuel: 907.0; Tile: FINISH
2019-10-21 20:56:42 INFO  Car - Speed:   0.0; Angle:  SOUTH; Position: 23,17; Parcels:      1; Health: 170.0; Health Usage: 200.0; Fuel: 907.0; Tile: FINISH
2019-10-21 20:56:43 INFO  Car - Speed:   0.0; Angle:  SOUTH; Position: 23,17; Parcels:      1; Health: 170.0; Health Usage: 200.0; Fuel: 907.0; Tile: FINISH
2019-10-21 20:56:43 INFO  Car - Speed:   0.0; Angle:  SOUTH; Position: 23,17; Parcels:      1; Health: 170.0; Health Usage: 200.0; Fuel: 907.0; Tile: FINISH
2019-10-21 20:56:44 INFO  Car - Speed:   0.0; Angle:  SOUTH; Position: 23,17; Parcels:      1; Health: 170.0; Health Usage: 200.0; Fuel: 907.0; Tile: FINISH
2019-10-21 20:56:44 INFO  Car - Speed:   0.0; Angle:  SOUTH; Position: 23,17; Parcels:      1; Health: 170.0; Health Usage: 200.0; Fuel: 907.0; Tile: FINISH
2019-10-21 20:56:45 INFO  Car - Speed:   0.0; Angle:  SOUTH; Position: 23,17; Parcels:      1; Health: 170.0; Health Usage: 200.0; Fuel: 907.0; Tile: FINISH
2019-10-21 20:56:45 INFO  Car - Speed:   1.0; Angle:  SOUTH; Position: 23,18; Parcels:      1; Health: 170.0; Health Usage: 200.0; Fuel: 906.0; Tile: FINISH
2019-10-21 20:56:46 INFO  Car - Speed:   0.0; Angle:  SOUTH; Position: 23,18; Parcels:      1; Health: 165.0; Health Usage: 200.0; Fuel: 905.0; Tile: FINISH
2019-10-21 20:56:46 INFO  Car - Speed:   0.0; Angle:  SOUTH; Position: 23,18; Parcels:      1; Health: 165.0; Health Usage: 200.0; Fuel: 905.0; Tile: FINISH
2019-10-21 20:56:47 INFO  Car - Speed:   0.0; Angle:  SOUTH; Position: 23,18; Parcels:      1; Health: 165.0; Health Usage: 200.0; Fuel: 905.0; Tile: FINISH
2019-10-21 20:56:47 INFO  Car - Speed:   1.0; Angle:  SOUTH; Position: 23,17; Parcels:      1; Health: 165.0; Health Usage: 200.0; Fuel: 904.0; Tile: FINISH
2019-10-21 20:56:48 INFO  Car - Speed:   1.0; Angle:  SOUTH; Position: 23,16; Parcels:      1; Health: 165.0; Health Usage: 200.0; Fuel: 903.0; Tile: FINISH
2019-10-21 20:56:48 INFO  Car - Speed:   1.0; Angle:   WEST; Position: 22,16; Parcels:      1; Health: 165.0; Health Usage: 200.0; Fuel: 902.0; Tile: FINISH
2019-10-21 20:56:49 INFO  Car - Speed:   1.0; Angle:   WEST; Position: 21,16; Parcels:      1; Health: 165.0; Health Usage: 200.0; Fuel: 901.0; Tile: ROAD
2019-10-21 20:56:49 INFO  Car - Speed:   1.0; Angle:   WEST; Position: 20,16; Parcels:      1; Health: 165.0; Health Usage: 200.0; Fuel: 900.0; Tile: ROAD
2019-10-21 20:56:50 INFO  Car - Speed:   1.0; Angle:   WEST; Position: 19,16; Parcels:      1; Health: 165.0; Health Usage: 200.0; Fuel: 899.0; Tile: ROAD
2019-10-21 20:56:50 INFO  Car - Speed:   1.0; Angle:  SOUTH; Position: 19,15; Parcels:      1; Health: 165.0; Health Usage: 200.0; Fuel: 898.0; Tile: ROAD
2019-10-21 20:56:51 INFO  Car - Speed:   1.0; Angle:  SOUTH; Position: 19,14; Parcels:      1; Health: 165.0; Health Usage: 200.0; Fuel: 897.0; Tile: ROAD
2019-10-21 20:56:51 INFO  Car - Speed:   1.0; Angle:   EAST; Position: 20,14; Parcels:      1; Health: 165.0; Health Usage: 200.0; Fuel: 896.0; Tile: ROAD
2019-10-21 20:56:52 INFO  Car - Speed:   1.0; Angle:   EAST; Position: 21,14; Parcels:      1; Health: 165.0; Health Usage: 200.0; Fuel: 895.0; Tile: ROAD
2019-10-21 20:56:52 INFO  Car - Speed:   1.0; Angle:   EAST; Position: 22,14; Parcels:      1; Health: 165.0; Health Usage: 200.0; Fuel: 894.0; Tile: ROAD
2019-10-21 20:56:53 INFO  Car - Speed:   1.0; Angle:   EAST; Position: 23,14; Parcels:      1; Health: 165.0; Health Usage: 200.0; Fuel: 893.0; Tile: ROAD
2019-10-21 20:56:53 INFO  Car - Speed:   1.0; Angle:  SOUTH; Position: 23,13; Parcels:      1; Health: 165.0; Health Usage: 200.0; Fuel: 892.0; Tile: ROAD
2019-10-21 20:56:54 INFO  Car - Speed:   1.0; Angle:  SOUTH; Position: 23,12; Parcels:      1; Health: 165.0; Health Usage: 200.0; Fuel: 891.0; Tile: ROAD
2019-10-21 20:56:54 INFO  Car - Speed:   1.0; Angle:  SOUTH; Position: 23,11; Parcels:      1; Health: 165.0; Health Usage: 200.0; Fuel: 890.0; Tile: ROAD
2019-10-21 20:56:55 INFO  Car - Speed:   1.0; Angle:  SOUTH; Position: 23,10; Parcels:      1; Health: 165.0; Health Usage: 200.0; Fuel: 889.0; Tile: ROAD
2019-10-21 20:56:55 INFO  Car - Speed:   1.0; Angle:  SOUTH; Position:  23,9; Parcels:      1; Health: 165.0; Health Usage: 200.0; Fuel: 888.0; Tile: ROAD
2019-10-21 20:56:56 INFO  Car - Speed:   1.0; Angle:  SOUTH; Position:  23,8; Parcels:      1; Health: 165.0; Health Usage: 200.0; Fuel: 887.0; Tile: ROAD
2019-10-21 20:56:56 INFO  Car - Speed:   1.0; Angle:  SOUTH; Position:  23,7; Parcels:      1; Health: 165.0; Health Usage: 200.0; Fuel: 886.0; Tile: ROAD
2019-10-21 20:56:57 INFO  Car - Speed:   1.0; Angle:  SOUTH; Position:  23,6; Parcels:      1; Health: 165.0; Health Usage: 200.0; Fuel: 885.0; Tile: ROAD
2019-10-21 20:56:57 INFO  Car - Speed:   1.0; Angle:  SOUTH; Position:  23,5; Parcels:      1; Health: 165.0; Health Usage: 200.0; Fuel: 884.0; Tile: ROAD
2019-10-21 20:56:58 INFO  Car - Speed:   1.0; Angle:  SOUTH; Position:  23,4; Parcels:      1; Health: 165.0; Health Usage: 200.0; Fuel: 883.0; Tile: ROAD
2019-10-21 20:56:58 INFO  Car - Speed:   1.0; Angle:  SOUTH; Position:  23,3; Parcels:      1; Health: 165.0; Health Usage: 200.0; Fuel: 882.0; Tile: ROAD
2019-10-21 20:56:59 INFO  Car - Speed:   0.0; Angle:   WEST; Position:  23,3; Parcels:      1; Health: 160.0; Health Usage: 200.0; Fuel: 881.0; Tile: ROAD
2019-10-21 20:56:59 INFO  Car - Speed:   0.0; Angle:   WEST; Position:  23,3; Parcels:      1; Health: 160.0; Health Usage: 200.0; Fuel: 881.0; Tile: ROAD
2019-10-21 20:57:00 INFO  Car - Speed:   0.0; Angle:   WEST; Position:  23,3; Parcels:      1; Health: 160.0; Health Usage: 200.0; Fuel: 881.0; Tile: ROAD
2019-10-21 20:57:00 INFO  Car - Speed:   0.0; Angle:   WEST; Position:  23,3; Parcels:      1; Health: 160.0; Health Usage: 200.0; Fuel: 881.0; Tile: ROAD
2019-10-21 20:57:01 INFO  Car - Speed:   0.0; Angle:   WEST; Position:  23,3; Parcels:      1; Health: 160.0; Health Usage: 200.0; Fuel: 881.0; Tile: ROAD
2019-10-21 20:57:01 INFO  Car - Speed:   0.0; Angle:   WEST; Position:  23,3; Parcels:      1; Health: 160.0; Health Usage: 200.0; Fuel: 881.0; Tile: ROAD
2019-10-21 20:57:02 INFO  Car - Speed:   0.0; Angle:   WEST; Position:  23,3; Parcels:      1; Health: 160.0; Health Usage: 200.0; Fuel: 881.0; Tile: ROAD
2019-10-21 20:57:02 INFO  Car - Speed:   0.0; Angle:   WEST; Position:  23,3; Parcels:      1; Health: 160.0; Health Usage: 200.0; Fuel: 881.0; Tile: ROAD
2019-10-21 20:57:03 INFO  Car - Speed:   0.0; Angle:   WEST; Position:  23,3; Parcels:      1; Health: 160.0; Health Usage: 200.0; Fuel: 881.0; Tile: ROAD
2019-10-21 20:57:03 INFO  Car - Speed:   0.0; Angle:   WEST; Position:  23,3; Parcels:      1; Health: 160.0; Health Usage: 200.0; Fuel: 881.0; Tile: ROAD
2019-10-21 20:57:04 INFO  Car - Speed:   0.0; Angle:   WEST; Position:  23,3; Parcels:      1; Health: 160.0; Health Usage: 200.0; Fuel: 881.0; Tile: ROAD
2019-10-21 20:57:04 INFO  Car - Speed:   0.0; Angle:   WEST; Position:  23,3; Parcels:      1; Health: 160.0; Health Usage: 200.0; Fuel: 881.0; Tile: ROAD
2019-10-21 20:57:05 INFO  Car - Speed:   0.0; Angle:   WEST; Position:  23,3; Parcels:      1; Health: 160.0; Health Usage: 200.0; Fuel: 881.0; Tile: ROAD
2019-10-21 20:57:05 INFO  Car - Speed:   0.0; Angle:   WEST; Position:  23,3; Parcels:      1; Health: 160.0; Health Usage: 200.0; Fuel: 881.0; Tile: ROAD
2019-10-21 20:57:06 INFO  Car - Speed:   0.0; Angle:   WEST; Position:  23,3; Parcels:      1; Health: 160.0; Health Usage: 200.0; Fuel: 881.0; Tile: ROAD
2019-10-21 20:57:06 INFO  Car - Speed:   0.0; Angle:   WEST; Position:  23,3; Parcels:      1; Health: 160.0; Health Usage: 200.0; Fuel: 881.0; Tile: ROAD
2019-10-21 20:57:07 INFO  Car - Speed:   0.0; Angle:   WEST; Position:  23,3; Parcels:      1; Health: 160.0; Health Usage: 200.0; Fuel: 881.0; Tile: ROAD
2019-10-21 20:57:07 INFO  Car - Speed:   0.0; Angle:   WEST; Position:  23,3; Parcels:      1; Health: 160.0; Health Usage: 200.0; Fuel: 881.0; Tile: ROAD
2019-10-21 20:57:08 INFO  Car - Speed:   0.0; Angle:   WEST; Position:  23,3; Parcels:      1; Health: 160.0; Health Usage: 200.0; Fuel: 881.0; Tile: ROAD
2019-10-21 20:57:08 INFO  Car - Speed:   0.0; Angle:   WEST; Position:  23,3; Parcels:      1; Health: 160.0; Health Usage: 200.0; Fuel: 881.0; Tile: ROAD
2019-10-21 20:57:09 INFO  Car - Speed:   0.0; Angle:   WEST; Position:  23,3; Parcels:      1; Health: 160.0; Health Usage: 200.0; Fuel: 881.0; Tile: ROAD
2019-10-21 20:57:09 INFO  Car - Speed:   0.0; Angle:   WEST; Position:  23,3; Parcels:      1; Health: 160.0; Health Usage: 200.0; Fuel: 881.0; Tile: ROAD
2019-10-21 20:57:10 INFO  Car - Speed:   0.0; Angle:   WEST; Position:  23,3; Parcels:      1; Health: 160.0; Health Usage: 200.0; Fuel: 881.0; Tile: ROAD
2019-10-21 20:57:10 INFO  Car - Speed:   0.0; Angle:   WEST; Position:  23,3; Parcels:      1; Health: 160.0; Health Usage: 200.0; Fuel: 881.0; Tile: ROAD
2019-10-21 20:57:11 INFO  Car - Speed:   0.0; Angle:   WEST; Position:  23,3; Parcels:      1; Health: 160.0; Health Usage: 200.0; Fuel: 881.0; Tile: ROAD
2019-10-21 20:57:11 INFO  Car - Speed:   0.0; Angle:   WEST; Position:  23,3; Parcels:      1; Health: 160.0; Health Usage: 200.0; Fuel: 881.0; Tile: ROAD
2019-10-21 20:57:12 INFO  Car - Speed:   0.0; Angle:   WEST; Position:  23,3; Parcels:      1; Health: 160.0; Health Usage: 200.0; Fuel: 881.0; Tile: ROAD
2019-10-21 20:57:12 INFO  Car - Speed:   0.0; Angle:   WEST; Position:  23,3; Parcels:      1; Health: 160.0; Health Usage: 200.0; Fuel: 881.0; Tile: ROAD
2019-10-21 20:57:13 INFO  Car - Speed:   0.0; Angle:   WEST; Position:  23,3; Parcels:      1; Health: 160.0; Health Usage: 200.0; Fuel: 881.0; Tile: ROAD
2019-10-21 20:57:13 INFO  Car - Speed:   0.0; Angle:   WEST; Position:  23,3; Parcels:      1; Health: 160.0; Health Usage: 200.0; Fuel: 881.0; Tile: ROAD
2019-10-21 20:57:14 INFO  Car - Speed:   0.0; Angle:   WEST; Position:  23,3; Parcels:      1; Health: 160.0; Health Usage: 200.0; Fuel: 881.0; Tile: ROAD
2019-10-21 20:57:14 INFO  Car - Speed:   0.0; Angle:   WEST; Position:  23,3; Parcels:      1; Health: 160.0; Health Usage: 200.0; Fuel: 881.0; Tile: ROAD
2019-10-21 20:57:15 INFO  Car - Speed:   0.0; Angle:   WEST; Position:  23,3; Parcels:      1; Health: 160.0; Health Usage: 200.0; Fuel: 881.0; Tile: ROAD
2019-10-21 20:57:15 INFO  Car - Speed:   0.0; Angle:   WEST; Position:  23,3; Parcels:      1; Health: 160.0; Health Usage: 200.0; Fuel: 881.0; Tile: ROAD
2019-10-21 20:57:16 INFO  Car - Speed:   0.0; Angle:   WEST; Position:  23,3; Parcels:      1; Health: 160.0; Health Usage: 200.0; Fuel: 881.0; Tile: ROAD
2019-10-21 20:57:16 INFO  Car - Speed:   0.0; Angle:   WEST; Position:  23,3; Parcels:      1; Health: 160.0; Health Usage: 200.0; Fuel: 881.0; Tile: ROAD
2019-10-21 20:57:17 INFO  Car - Speed:   0.0; Angle:   WEST; Position:  23,3; Parcels:      1; Health: 160.0; Health Usage: 200.0; Fuel: 881.0; Tile: ROAD
2019-10-21 20:57:17 INFO  Car - Speed:   0.0; Angle:   WEST; Position:  23,3; Parcels:      1; Health: 160.0; Health Usage: 200.0; Fuel: 881.0; Tile: ROAD
2019-10-21 20:57:18 INFO  Car - Speed:   0.0; Angle:   WEST; Position:  23,3; Parcels:      1; Health: 160.0; Health Usage: 200.0; Fuel: 881.0; Tile: ROAD
2019-10-21 20:57:18 INFO  Car - Speed:   0.0; Angle:   WEST; Position:  23,3; Parcels:      1; Health: 160.0; Health Usage: 200.0; Fuel: 881.0; Tile: ROAD
2019-10-21 20:57:19 INFO  Car - Speed:   0.0; Angle:   WEST; Position:  23,3; Parcels:      1; Health: 160.0; Health Usage: 200.0; Fuel: 881.0; Tile: ROAD
2019-10-21 20:57:19 INFO  Car - Speed:   0.0; Angle:   WEST; Position:  23,3; Parcels:      1; Health: 160.0; Health Usage: 200.0; Fuel: 881.0; Tile: ROAD
2019-10-21 20:57:20 INFO  Car - Speed:   0.0; Angle:   WEST; Position:  23,3; Parcels:      1; Health: 160.0; Health Usage: 200.0; Fuel: 881.0; Tile: ROAD
2019-10-21 20:57:20 INFO  Car - Speed:   0.0; Angle:   WEST; Position:  23,3; Parcels:      1; Health: 160.0; Health Usage: 200.0; Fuel: 881.0; Tile: ROAD
2019-10-21 20:57:21 INFO  Car - Speed:   0.0; Angle:   WEST; Position:  23,3; Parcels:      1; Health: 160.0; Health Usage: 200.0; Fuel: 881.0; Tile: ROAD
2019-10-21 20:57:21 INFO  Car - Speed:   0.0; Angle:   WEST; Position:  23,3; Parcels:      1; Health: 160.0; Health Usage: 200.0; Fuel: 881.0; Tile: ROAD
2019-10-21 20:57:22 INFO  Car - Speed:   0.0; Angle:   WEST; Position:  23,3; Parcels:      1; Health: 160.0; Health Usage: 200.0; Fuel: 881.0; Tile: ROAD
2019-10-21 20:57:22 INFO  Car - Speed:   0.0; Angle:   WEST; Position:  23,3; Parcels:      1; Health: 160.0; Health Usage: 200.0; Fuel: 881.0; Tile: ROAD
2019-10-21 20:57:23 INFO  Car - Speed:   0.0; Angle:   WEST; Position:  23,3; Parcels:      1; Health: 160.0; Health Usage: 200.0; Fuel: 881.0; Tile: ROAD
2019-10-21 20:57:23 INFO  Car - Speed:   0.0; Angle:   WEST; Position:  23,3; Parcels:      1; Health: 160.0; Health Usage: 200.0; Fuel: 881.0; Tile: ROAD
2019-10-21 20:57:24 INFO  Car - Speed:   0.0; Angle:   WEST; Position:  23,3; Parcels:      1; Health: 160.0; Health Usage: 200.0; Fuel: 881.0; Tile: ROAD
2019-10-21 20:57:24 INFO  Car - Speed:   0.0; Angle:   WEST; Position:  23,3; Parcels:      1; Health: 160.0; Health Usage: 200.0; Fuel: 881.0; Tile: ROAD
2019-10-21 20:57:25 INFO  Car - Speed:   0.0; Angle:   WEST; Position:  23,3; Parcels:      1; Health: 160.0; Health Usage: 200.0; Fuel: 881.0; Tile: ROAD
2019-10-21 20:57:25 INFO  Car - Speed:   0.0; Angle:   WEST; Position:  23,3; Parcels:      1; Health: 160.0; Health Usage: 200.0; Fuel: 881.0; Tile: ROAD
2019-10-21 20:57:26 INFO  Car - Speed:   0.0; Angle:   WEST; Position:  23,3; Parcels:      1; Health: 160.0; Health Usage: 200.0; Fuel: 881.0; Tile: ROAD
2019-10-21 20:57:26 INFO  Car - Speed:   0.0; Angle:   WEST; Position:  23,3; Parcels:      1; Health: 160.0; Health Usage: 200.0; Fuel: 881.0; Tile: ROAD
2019-10-21 20:57:27 INFO  Car - Speed:   0.0; Angle:   WEST; Position:  23,3; Parcels:      1; Health: 160.0; Health Usage: 200.0; Fuel: 881.0; Tile: ROAD
2019-10-21 20:57:27 INFO  Car - Speed:   0.0; Angle:   WEST; Position:  23,3; Parcels:      1; Health: 160.0; Health Usage: 200.0; Fuel: 881.0; Tile: ROAD
2019-10-21 20:57:28 INFO  Car - Speed:   0.0; Angle:   WEST; Position:  23,3; Parcels:      1; Health: 160.0; Health Usage: 200.0; Fuel: 881.0; Tile: ROAD
2019-10-21 20:57:28 INFO  Car - Speed:   0.0; Angle:   WEST; Position:  23,3; Parcels:      1; Health: 160.0; Health Usage: 200.0; Fuel: 881.0; Tile: ROAD
2019-10-21 20:57:29 INFO  Car - Speed:   0.0; Angle:   WEST; Position:  23,3; Parcels:      1; Health: 160.0; Health Usage: 200.0; Fuel: 881.0; Tile: ROAD
2019-10-21 20:57:29 INFO  Car - Speed:   0.0; Angle:   WEST; Position:  23,3; Parcels:      1; Health: 160.0; Health Usage: 200.0; Fuel: 881.0; Tile: ROAD
2019-10-21 20:57:30 INFO  Car - Speed:   0.0; Angle:   WEST; Position:  23,3; Parcels:      1; Health: 160.0; Health Usage: 200.0; Fuel: 881.0; Tile: ROAD
2019-10-21 20:57:30 INFO  Car - Speed:   0.0; Angle:   WEST; Position:  23,3; Parcels:      1; Health: 160.0; Health Usage: 200.0; Fuel: 881.0; Tile: ROAD
2019-10-21 20:57:31 INFO  Car - Speed:   0.0; Angle:   WEST; Position:  23,3; Parcels:      1; Health: 160.0; Health Usage: 200.0; Fuel: 881.0; Tile: ROAD
2019-10-21 20:57:31 INFO  Car - Speed:   0.0; Angle:   WEST; Position:  23,3; Parcels:      1; Health: 160.0; Health Usage: 200.0; Fuel: 881.0; Tile: ROAD
2019-10-21 20:57:32 INFO  Car - Speed:   0.0; Angle:   WEST; Position:  23,3; Parcels:      1; Health: 160.0; Health Usage: 200.0; Fuel: 881.0; Tile: ROAD
2019-10-21 20:57:32 INFO  Car - Speed:   0.0; Angle:   WEST; Position:  23,3; Parcels:      1; Health: 160.0; Health Usage: 200.0; Fuel: 881.0; Tile: ROAD
2019-10-21 20:57:33 INFO  Car - Speed:   0.0; Angle:   WEST; Position:  23,3; Parcels:      1; Health: 160.0; Health Usage: 200.0; Fuel: 881.0; Tile: ROAD
2019-10-21 20:57:33 INFO  Car - Speed:   0.0; Angle:   WEST; Position:  23,3; Parcels:      1; Health: 160.0; Health Usage: 200.0; Fuel: 881.0; Tile: ROAD
2019-10-21 20:57:34 INFO  Car - Speed:   0.0; Angle:   WEST; Position:  23,3; Parcels:      1; Health: 160.0; Health Usage: 200.0; Fuel: 881.0; Tile: ROAD
2019-10-21 20:57:34 INFO  Car - Speed:   0.0; Angle:   WEST; Position:  23,3; Parcels:      1; Health: 160.0; Health Usage: 200.0; Fuel: 881.0; Tile: ROAD
2019-10-21 20:57:35 INFO  Car - Speed:   0.0; Angle:   WEST; Position:  23,3; Parcels:      1; Health: 160.0; Health Usage: 200.0; Fuel: 881.0; Tile: ROAD
2019-10-21 20:57:35 INFO  Car - Speed:   0.0; Angle:   WEST; Position:  23,3; Parcels:      1; Health: 160.0; Health Usage: 200.0; Fuel: 881.0; Tile: ROAD
2019-10-21 20:57:36 INFO  Car - Speed:   0.0; Angle:   WEST; Position:  23,3; Parcels:      1; Health: 160.0; Health Usage: 200.0; Fuel: 881.0; Tile: ROAD
2019-10-21 20:57:36 INFO  Car - Speed:   0.0; Angle:   WEST; Position:  23,3; Parcels:      1; Health: 160.0; Health Usage: 200.0; Fuel: 881.0; Tile: ROAD
2019-10-21 20:57:37 INFO  Car - Speed:   0.0; Angle:   WEST; Position:  23,3; Parcels:      1; Health: 160.0; Health Usage: 200.0; Fuel: 881.0; Tile: ROAD
2019-10-21 20:57:37 INFO  Car - Speed:   0.0; Angle:   WEST; Position:  23,3; Parcels:      1; Health: 160.0; Health Usage: 200.0; Fuel: 881.0; Tile: ROAD
2019-10-21 20:57:38 INFO  Car - Speed:   0.0; Angle:   WEST; Position:  23,3; Parcels:      1; Health: 160.0; Health Usage: 200.0; Fuel: 881.0; Tile: ROAD
2019-10-21 20:57:38 INFO  Car - Speed:   0.0; Angle:   WEST; Position:  23,3; Parcels:      1; Health: 160.0; Health Usage: 200.0; Fuel: 881.0; Tile: ROAD
2019-10-21 20:57:39 INFO  Car - Speed:   0.0; Angle:   WEST; Position:  23,3; Parcels:      1; Health: 160.0; Health Usage: 200.0; Fuel: 881.0; Tile: ROAD
2019-10-21 20:57:39 INFO  Car - Speed:   0.0; Angle:   WEST; Position:  23,3; Parcels:      1; Health: 160.0; Health Usage: 200.0; Fuel: 881.0; Tile: ROAD
2019-10-21 20:57:40 INFO  Car - Speed:   0.0; Angle:   WEST; Position:  23,3; Parcels:      1; Health: 160.0; Health Usage: 200.0; Fuel: 881.0; Tile: ROAD
2019-10-21 20:57:40 INFO  Car - Speed:   0.0; Angle:   WEST; Position:  23,3; Parcels:      1; Health: 160.0; Health Usage: 200.0; Fuel: 881.0; Tile: ROAD
2019-10-21 20:57:41 INFO  Car - Speed:   0.0; Angle:   WEST; Position:  23,3; Parcels:      1; Health: 160.0; Health Usage: 200.0; Fuel: 881.0; Tile: ROAD
2019-10-21 20:57:41 INFO  Car - Speed:   0.0; Angle:   WEST; Position:  23,3; Parcels:      1; Health: 160.0; Health Usage: 200.0; Fuel: 881.0; Tile: ROAD
2019-10-21 20:57:42 INFO  Car - Speed:   0.0; Angle:   WEST; Position:  23,3; Parcels:      1; Health: 160.0; Health Usage: 200.0; Fuel: 881.0; Tile: ROAD
2019-10-21 20:57:42 INFO  Car - Speed:   0.0; Angle:   WEST; Position:  23,3; Parcels:      1; Health: 160.0; Health Usage: 200.0; Fuel: 881.0; Tile: ROAD
2019-10-21 20:57:43 INFO  Car - Speed:   0.0; Angle:   WEST; Position:  23,3; Parcels:      1; Health: 160.0; Health Usage: 200.0; Fuel: 881.0; Tile: ROAD
2019-10-21 20:57:43 INFO  Car - Speed:   0.0; Angle:   WEST; Position:  23,3; Parcels:      1; Health: 160.0; Health Usage: 200.0; Fuel: 881.0; Tile: ROAD
2019-10-21 20:57:44 INFO  Car - Speed:   0.0; Angle:   WEST; Position:  23,3; Parcels:      1; Health: 160.0; Health Usage: 200.0; Fuel: 881.0; Tile: ROAD
2019-10-21 20:57:44 INFO  Car - Speed:   0.0; Angle:   WEST; Position:  23,3; Parcels:      1; Health: 160.0; Health Usage: 200.0; Fuel: 881.0; Tile: ROAD
2019-10-21 20:57:45 INFO  Car - Speed:   0.0; Angle:   WEST; Position:  23,3; Parcels:      1; Health: 160.0; Health Usage: 200.0; Fuel: 881.0; Tile: ROAD
2019-10-21 20:57:45 INFO  Car - Speed:   0.0; Angle:   WEST; Position:  23,3; Parcels:      1; Health: 160.0; Health Usage: 200.0; Fuel: 881.0; Tile: ROAD
2019-10-21 20:57:46 INFO  Car - Speed:   0.0; Angle:   WEST; Position:  23,3; Parcels:      1; Health: 160.0; Health Usage: 200.0; Fuel: 881.0; Tile: ROAD
2019-10-21 20:57:46 INFO  Car - Speed:   0.0; Angle:   WEST; Position:  23,3; Parcels:      1; Health: 160.0; Health Usage: 200.0; Fuel: 881.0; Tile: ROAD
2019-10-21 20:57:47 INFO  Car - Speed:   0.0; Angle:   WEST; Position:  23,3; Parcels:      1; Health: 160.0; Health Usage: 200.0; Fuel: 881.0; Tile: ROAD
2019-10-21 20:57:47 INFO  Car - Speed:   0.0; Angle:   WEST; Position:  23,3; Parcels:      1; Health: 160.0; Health Usage: 200.0; Fuel: 881.0; Tile: ROAD
2019-10-21 20:57:48 INFO  Car - Speed:   0.0; Angle:   WEST; Position:  23,3; Parcels:      1; Health: 160.0; Health Usage: 200.0; Fuel: 881.0; Tile: ROAD
2019-10-21 20:57:48 INFO  Car - Speed:   0.0; Angle:   WEST; Position:  23,3; Parcels:      1; Health: 160.0; Health Usage: 200.0; Fuel: 881.0; Tile: ROAD
2019-10-21 20:57:49 INFO  Car - Speed:   0.0; Angle:   WEST; Position:  23,3; Parcels:      1; Health: 160.0; Health Usage: 200.0; Fuel: 881.0; Tile: ROAD
2019-10-21 20:57:49 INFO  Car - Speed:   0.0; Angle:   WEST; Position:  23,3; Parcels:      1; Health: 160.0; Health Usage: 200.0; Fuel: 881.0; Tile: ROAD
2019-10-21 20:57:50 INFO  Car - Speed:   0.0; Angle:   WEST; Position:  23,3; Parcels:      1; Health: 160.0; Health Usage: 200.0; Fuel: 881.0; Tile: ROAD
2019-10-21 20:57:50 INFO  Car - Speed:   0.0; Angle:   WEST; Position:  23,3; Parcels:      1; Health: 160.0; Health Usage: 200.0; Fuel: 881.0; Tile: ROAD
